<html>
<body>
<pre>
<h1>µVision Build Log</h1>
<h2>Tool Versions:</h2>
IDE-Version: µVision V5.26.2.0
Copyright (C) 2018 ARM Ltd and ARM Germany GmbH. All rights reserved.
License Information: kj L Microsoft, Microsoft, LIC=VGX63-AK90M-H8IFS-LBHE2-AUNXC-C34JP
 
Tool Versions:
Toolchain:       MDK-ARM Plus  Version: 5.26.2.0
Toolchain Path:  C:\Keil_v5\ARM\ARMCC\Bin
C Compiler:      Armcc.exe V5.06 update 6 (build 750)
Assembler:       Armasm.exe V5.06 update 6 (build 750)
Linker/Locator:  ArmLink.exe V5.06 update 6 (build 750)
Library Manager: ArmAr.exe V5.06 update 6 (build 750)
Hex Converter:   FromElf.exe V5.06 update 6 (build 750)
CPU DLL:         SARMCM3.DLL V5.26.2.0
Dialog DLL:      DARMSTM.DLL V1.68.0.0
Target DLL:      STLink\ST-LINKIII-KEIL_SWO.dll V3.0.5.0
Dialog DLL:      TARMSTM.DLL V1.66.0.0
 
<h2>Project:</h2>
C:\Users\xwings\Desktop\JDKJ66\JDKJ\Project\MDK-ARM(uV4)\project.uvproj
Project File Date:  11/17/2018

<h2>Output:</h2>
*** Using Compiler 'V5.06 update 6 (build 750)', folder: 'C:\Keil_v5\ARM\ARMCC\Bin'
Rebuild target 'Flash'
compiling main.cpp...
compiling bsp_led.c...
..\..\User\bsp\src\bsp_led.c(211): warning:  #223-D: function "ws2812_setPixelColor" declared implicitly
                ws2812_setPixelColor(i, c);
..\..\User\bsp\src\bsp_led.c(222): error:  #159: declaration is incompatible with previous "ws2812_setPixelColor"  (declared at line 211)
  void ws2812_setPixelColor(u8 i, u32 c)
..\..\User\bsp\src\bsp_led.c(247): warning:  #223-D: function "ws2812_wheel" declared implicitly
                        ws2812_setPixelColor(i, ws2812_wheel((i + j) & 255));
..\..\User\bsp\src\bsp_led.c(263): warning:  #223-D: function "ws2812_wheel" declared implicitly
                        ws2812_setPixelColor(i, ws2812_wheel(((i * 256 / 6) + j) & 255));
..\..\User\bsp\src\bsp_led.c(272): error:  #159: declaration is incompatible with previous "ws2812_wheel"  (declared at line 247)
  uint32_t ws2812_wheel(int16_t WheelPos)
..\..\User\bsp\src\bsp_led.c(276): warning:  #223-D: function "ws2812_RGB_Color" declared implicitly
                return ws2812_RGB_Color(WheelPos * 3, 255 - WheelPos * 3, 0);
..\..\User\bsp\src\bsp_led.c(283): warning:  #223-D: function "ws2812_RGB_Color" declared implicitly
                        return ws2812_RGB_Color(255 - WheelPos * 3, 0, WheelPos * 3);
..\..\User\bsp\src\bsp_led.c(288): warning:  #223-D: function "ws2812_RGB_Color" declared implicitly
                        return ws2812_RGB_Color(0, WheelPos * 3, 255 - WheelPos * 3);
..\..\User\bsp\src\bsp_led.c(295): error:  #159: declaration is incompatible with previous "ws2812_RGB_Color"  (declared at line 276)
  uint32_t ws2812_RGB_Color(uint8_t r, uint8_t g, uint8_t b) 
..\..\User\bsp\src\bsp_led.c: 6 warnings, 3 errors
compiling bsp_timer.c...
compiling bsp.c...
compiling stm32f10x_it.c...
compiling stm32f10x_assert.c...
compiling bsp_key.c...
compiling bsp_uart_fifo.c...
compiling bsp_spi_bus.c...
compiling bsp_tft.c...
compiling bsp_font.c...
compiling bsp_user_lib.c...
compiling bsp_tim_pwm.c...
compiling bsp_cpu_flash.c...
compiling bsp_adc.c...
compiling snake.c...
compiling image2lcd.c...
compiling guess.c...
assembling startup_stm32f10x_md.s...
compiling stm32f10x_flash.c...
compiling stm32f10x_gpio.c...
compiling stm32f10x_rcc.c...
compiling misc.c...
compiling stm32f10x_tim.c...
compiling stm32f10x_usart.c...
compiling stm32f10x_dma.c...
compiling stm32f10x_spi.c...
compiling stm32f10x_adc.c...
compiling system_stm32f10x.c...
".\Flash\Obj\output.axf" - 3 Error(s), 6 Warning(s).
Target not created.
Build Time Elapsed:  00:01:05
</pre>
</body>
</html>
